# JRE version: Java(TM) SE Runtime Environment (17.0.12+8) (build 17.0.12+8-LTS-286)
# Java VM: Java HotSpot(TM) 64-Bit Server VM (17.0.12+8-LTS-286, mixed mode, sharing, tiered, compressed oops, compressed class ptrs, g1 gc, windows-amd64)
GC Precious Log:
 CPUs: 8 total, 8 available
 Memory: 7777M
 Large Page Support: Disabled
 NUMA Support: Disabled
 Compressed Oops: Enabled (32-bit)
 Heap Region Size: 1M
 Heap Min Capacity: 8M
 Heap Initial Capacity: 122M
 Heap Max Capacity: 1946M
 Pre-touch: Disabled
 Parallel Workers: 8
 Concurrent Workers: 2
 Concurrent Refinement Workers: 8
 Periodic GC: Disabled
Heap:
 garbage-first heap   total 176128K, used 80735K [0x0000000086600000, 0x0000000100000000)
  region size 1024K, 1 young (1024K), 1 survivors (1024K)
 Metaspace       used 48806K, committed 49088K, reserved 1114112K
  class space    used 5765K, committed 5888K, reserved 1048576K
GC Heap History (20 events):
Event: 38.188 GC heap after
{Heap after GC invocations=11 (full 0):
 garbage-first heap   total 116736K, used 42251K [0x0000000086600000, 0x0000000100000000)
  region size 1024K, 8 young (8192K), 8 survivors (8192K)
 Metaspace       used 42216K, committed 42496K, reserved 1114112K
  class space    used 5127K, committed 5248K, reserved 1048576K
}
Event: 42.845 GC heap before
{Heap before GC invocations=11 (full 0):
 garbage-first heap   total 116736K, used 84235K [0x0000000086600000, 0x0000000100000000)
  region size 1024K, 49 young (50176K), 8 survivors (8192K)
 Metaspace       used 44535K, committed 44800K, reserved 1114112K
  class space    used 5316K, committed 5440K, reserved 1048576K
}
Event: 42.928 GC heap after
{Heap after GC invocations=12 (full 0):
 garbage-first heap   total 116736K, used 52610K [0x0000000086600000, 0x0000000100000000)
  region size 1024K, 7 young (7168K), 7 survivors (7168K)
 Metaspace       used 44535K, committed 44800K, reserved 1114112K
  class space    used 5316K, committed 5440K, reserved 1048576K
}
Event: 53.094 GC heap before
{Heap before GC invocations=12 (full 0):
 garbage-first heap   total 116736K, used 87426K [0x0000000086600000, 0x0000000100000000)
  region size 1024K, 39 young (39936K), 7 survivors (7168K)
 Metaspace       used 47516K, committed 47808K, reserved 1114112K
  class space    used 5657K, committed 5824K, reserved 1048576K
}
Event: 53.209 GC heap after
{Heap after GC invocations=13 (full 0):
 garbage-first heap   total 116736K, used 60928K [0x0000000086600000, 0x0000000100000000)
  region size 1024K, 5 young (5120K), 5 survivors (5120K)
 Metaspace       used 47516K, committed 47808K, reserved 1114112K
  class space    used 5657K, committed 5824K, reserved 1048576K
}
Event: 57.382 GC heap before
{Heap before GC invocations=13 (full 0):
 garbage-first heap   total 116736K, used 88576K [0x0000000086600000, 0x0000000100000000)
  region size 1024K, 32 young (32768K), 5 survivors (5120K)
 Metaspace       used 48194K, committed 48448K, reserved 1114112K
  class space    used 5701K, committed 5824K, reserved 1048576K
}
Event: 57.461 GC heap after
{Heap after GC invocations=14 (full 0):
 garbage-first heap   total 140288K, used 66560K [0x0000000086600000, 0x0000000100000000)
  region size 1024K, 4 young (4096K), 4 survivors (4096K)
 Metaspace       used 48194K, committed 48448K, reserved 1114112K
  class space    used 5701K, committed 5824K, reserved 1048576K
}
Event: 60.147 GC heap before
{Heap before GC invocations=15 (full 0):
 garbage-first heap   total 140288K, used 104448K [0x0000000086600000, 0x0000000100000000)
  region size 1024K, 41 young (41984K), 4 survivors (4096K)
 Metaspace       used 48255K, committed 48512K, reserved 1114112K
  class space    used 5708K, committed 5824K, reserved 1048576K
}
Event: 60.209 GC heap after
{Heap after GC invocations=16 (full 0):
 garbage-first heap   total 140288K, used 73728K [0x0000000086600000, 0x0000000100000000)
  region size 1024K, 6 young (6144K), 6 survivors (6144K)
 Metaspace       used 48255K, committed 48512K, reserved 1114112K
  class space    used 5708K, committed 5824K, reserved 1048576K
}
Event: 64.098 GC heap before
{Heap before GC invocations=16 (full 0):
 garbage-first heap   total 140288K, used 107520K [0x0000000086600000, 0x0000000100000000)
  region size 1024K, 39 young (39936K), 6 survivors (6144K)
 Metaspace       used 48449K, committed 48768K, reserved 1114112K
  class space    used 5716K, committed 5888K, reserved 1048576K
}
Event: 64.167 GC heap after
{Heap after GC invocations=17 (full 0):
 garbage-first heap   total 140288K, used 79872K [0x0000000086600000, 0x0000000100000000)
  region size 1024K, 5 young (5120K), 5 survivors (5120K)
 Metaspace       used 48449K, committed 48768K, reserved 1114112K
  class space    used 5716K, committed 5888K, reserved 1048576K
}
Event: 66.447 GC heap before
{Heap before GC invocations=18 (full 0):
 garbage-first heap   total 140288K, used 110592K [0x0000000086600000, 0x0000000100000000)
  region size 1024K, 35 young (35840K), 5 survivors (5120K)
 Metaspace       used 48612K, committed 48896K, reserved 1114112K
  class space    used 5733K, committed 5888K, reserved 1048576K
}
Event: 66.480 GC heap after
{Heap after GC invocations=19 (full 0):
 garbage-first heap   total 140288K, used 82026K [0x0000000086600000, 0x0000000100000000)
  region size 1024K, 2 young (2048K), 2 survivors (2048K)
 Metaspace       used 48612K, committed 48896K, reserved 1114112K
  class space    used 5733K, committed 5888K, reserved 1048576K
}
Event: 67.576 GC heap before
{Heap before GC invocations=19 (full 0):
 garbage-first heap   total 140288K, used 111722K [0x0000000086600000, 0x0000000100000000)
  region size 1024K, 31 young (31744K), 2 survivors (2048K)
 Metaspace       used 48617K, committed 48896K, reserved 1114112K
  class space    used 5733K, committed 5888K, reserved 1048576K
}
Event: 67.584 GC heap after
{Heap after GC invocations=20 (full 0):
 garbage-first heap   total 140288K, used 81610K [0x0000000086600000, 0x0000000100000000)
  region size 1024K, 2 young (2048K), 2 survivors (2048K)
 Metaspace       used 48617K, committed 48896K, reserved 1114112K
  class space    used 5733K, committed 5888K, reserved 1048576K
}
Event: 68.150 GC heap before
{Heap before GC invocations=21 (full 0):
 garbage-first heap   total 176128K, used 113354K [0x0000000086600000, 0x0000000100000000)
  region size 1024K, 33 young (33792K), 2 survivors (2048K)
 Metaspace       used 48632K, committed 48960K, reserved 1114112K
  class space    used 5733K, committed 5888K, reserved 1048576K
}
Event: 68.159 GC heap after
{Heap after GC invocations=22 (full 0):
 garbage-first heap   total 176128K, used 81461K [0x0000000086600000, 0x0000000100000000)
  region size 1024K, 2 young (2048K), 2 survivors (2048K)
 Metaspace       used 48632K, committed 48960K, reserved 1114112K
  class space    used 5733K, committed 5888K, reserved 1048576K
}
Event: 68.255 GC heap before
{Heap before GC invocations=22 (full 0):
 garbage-first heap   total 176128K, used 87605K [0x0000000086600000, 0x0000000100000000)
  region size 1024K, 8 young (8192K), 2 survivors (2048K)
 Metaspace       used 48633K, committed 48960K, reserved 1114112K
  class space    used 5733K, committed 5888K, reserved 1048576K
}
Event: 68.281 GC heap after
{Heap after GC invocations=23 (full 0):
 garbage-first heap   total 176128K, used 80792K [0x0000000086600000, 0x0000000100000000)
  region size 1024K, 1 young (1024K), 1 survivors (1024K)
 Metaspace       used 48633K, committed 48960K, reserved 1114112K
  class space    used 5733K, committed 5888K, reserved 1048576K
}
Event: 68.919 GC heap before
{Heap before GC invocations=23 (full 0):
 garbage-first heap   total 176128K, used 139160K [0x0000000086600000, 0x0000000100000000)
  region size 1024K, 58 young (59392K), 1 survivors (1024K)
 Metaspace       used 48806K, committed 49088K, reserved 1114112K
  class space    used 5765K, committed 5888K, reserved 1048576K
}

